Compiling the C compiler identification source file "CMakeCCompilerId.c" failed.
Compiler: /Applications/Xcode.app/Contents/Developer/Toolchains/XcodeDefault.xctoolchain/usr/bin/cc 
Build flags: 
Id flags:  

The output was:
1
ld: library not found for -lSystem
clang: error: linker command failed with exit code 1 (use -v to see invocation)


Compiling the CXX compiler identification source file "CMakeCXXCompilerId.cpp" failed.
Compiler: /Applications/Xcode.app/Contents/Developer/Toolchains/XcodeDefault.xctoolchain/usr/bin/c++ 
Build flags: 
Id flags:  

The output was:
1
ld: library not found for -lc++
clang: error: linker command failed with exit code 1 (use -v to see invocation)


Determining if the function shm_open exists in the rt failed with the following output:
Change Dir: /Users/mrt/Documents/scripts/efficient-multi-armed-bandits/cmake-build-debug/CMakeFiles/CMakeTmp

Run Build Command(s):/usr/bin/make -f Makefile cmTC_4ed5e/fast && /Applications/Xcode.app/Contents/Developer/usr/bin/make  -f CMakeFiles/cmTC_4ed5e.dir/build.make CMakeFiles/cmTC_4ed5e.dir/build
Building C object CMakeFiles/cmTC_4ed5e.dir/CheckFunctionExists.c.o
/Applications/Xcode.app/Contents/Developer/Toolchains/XcodeDefault.xctoolchain/usr/bin/cc   -DCHECK_FUNCTION_EXISTS=shm_open -arch arm64 -isysroot /Applications/Xcode.app/Contents/Developer/Platforms/MacOSX.platform/Developer/SDKs/MacOSX12.1.sdk -MD -MT CMakeFiles/cmTC_4ed5e.dir/CheckFunctionExists.c.o -MF CMakeFiles/cmTC_4ed5e.dir/CheckFunctionExists.c.o.d -o CMakeFiles/cmTC_4ed5e.dir/CheckFunctionExists.c.o -c /Applications/CLion.app/Contents/bin/cmake/mac/share/cmake-3.20/Modules/CheckFunctionExists.c
Linking C executable cmTC_4ed5e
/Applications/CLion.app/Contents/bin/cmake/mac/bin/cmake -E cmake_link_script CMakeFiles/cmTC_4ed5e.dir/link.txt --verbose=1
/Applications/Xcode.app/Contents/Developer/Toolchains/XcodeDefault.xctoolchain/usr/bin/cc  -DCHECK_FUNCTION_EXISTS=shm_open -arch arm64 -isysroot /Applications/Xcode.app/Contents/Developer/Platforms/MacOSX.platform/Developer/SDKs/MacOSX12.1.sdk -Wl,-search_paths_first -Wl,-headerpad_max_install_names CMakeFiles/cmTC_4ed5e.dir/CheckFunctionExists.c.o -o cmTC_4ed5e  -lrt 
ld: library not found for -lrt
clang: error: linker command failed with exit code 1 (use -v to see invocation)
make[2]: *** [cmTC_4ed5e] Error 1
make[1]: *** [cmTC_4ed5e/fast] Error 2



Performing C++ SOURCE FILE Test HAVE_CXX_FLAG_WD654 failed with the following output:
Change Dir: /Users/mrt/Documents/scripts/efficient-multi-armed-bandits/cmake-build-debug/CMakeFiles/CMakeTmp

Run Build Command(s):/usr/bin/make -f Makefile cmTC_2543c/fast && /Applications/Xcode.app/Contents/Developer/usr/bin/make  -f CMakeFiles/cmTC_2543c.dir/build.make CMakeFiles/cmTC_2543c.dir/build
Building CXX object CMakeFiles/cmTC_2543c.dir/src.cxx.o
/Applications/Xcode.app/Contents/Developer/Toolchains/XcodeDefault.xctoolchain/usr/bin/c++ -DHAVE_CXX_FLAG_WD654  -std=c++11  -Wall  -Wextra  -Wshadow  -pedantic  -pedantic-errors  -Wshorten-64-to-32  -fstrict-aliasing  -Wno-deprecated-declarations  -Wstrict-aliasing  -wd654 -arch arm64 -isysroot /Applications/Xcode.app/Contents/Developer/Platforms/MacOSX.platform/Developer/SDKs/MacOSX12.1.sdk   -wd654 -std=gnu++2a -MD -MT CMakeFiles/cmTC_2543c.dir/src.cxx.o -MF CMakeFiles/cmTC_2543c.dir/src.cxx.o.d -o CMakeFiles/cmTC_2543c.dir/src.cxx.o -c /Users/mrt/Documents/scripts/efficient-multi-armed-bandits/cmake-build-debug/CMakeFiles/CMakeTmp/src.cxx
clang: error: unknown argument: '-wd654'
clang: error: unknown argument: '-wd654'
make[2]: *** [CMakeFiles/cmTC_2543c.dir/src.cxx.o] Error 1
make[1]: *** [cmTC_2543c/fast] Error 2


Source file was:
int main() { return 0; }
